生成启动时间为 12-17 22:13:58。
     1>项目“E:\MATLAB_DataInterface\Code - 2013-12-15\Ch9 - 串口\7.3.2\SerialDLL\SerialDLL\SerialDLL.vcxproj”在节点 2 上(build 个目标)。
     1>InitializeBuildStatus:
         正在对“Debug\SerialDLL.unsuccessfulbuild”执行 Touch 任务。
       ClCompile:
         所有输出均为最新。
       ManifestResourceCompile:
         所有输出均为最新。
       Link:
         C:\Program Files\Microsoft Visual Studio 10.0\VC\bin\link.exe /ERRORREPORT:PROMPT /OUT:"E:\MATLAB_DataInterface\Code - 2013-12-15\Ch9 - 串口\7.3.2\SerialDLL\Debug\SerialDLL.dll" /INCREMENTAL /NOLOGO kernel32.lib user32.lib gdi32.lib winspool.lib comdlg32.lib advapi32.lib shell32.lib ole32.lib oleaut32.lib uuid.lib odbc32.lib odbccp32.lib /MANIFEST /ManifestFile:"Debug\SerialDLL.dll.intermediate.manifest" /MANIFESTUAC:"level='asInvoker' uiAccess='false'" /DEBUG /PDB:"E:\MATLAB_DataInterface\Code - 2013-12-15\Ch9 - 串口\7.3.2\SerialDLL\Debug\SerialDLL.pdb" /SUBSYSTEM:WINDOWS /TLBID:1 /DYNAMICBASE /NXCOMPAT /IMPLIB:"E:\MATLAB_DataInterface\Code - 2013-12-15\Ch9 - 串口\7.3.2\SerialDLL\Debug\SerialDLL.lib" /MACHINE:X86 /DLL Debug\SerialDLL.dll.embed.manifest.res
         Debug\SerialDLL.obj
       Manifest:
         C:\Program Files\Microsoft SDKs\Windows\v7.0A\bin\mt.exe /nologo /verbose /out:"Debug\SerialDLL.dll.embed.manifest" /manifest Debug\SerialDLL.dll.intermediate.manifest
         所有输出均为最新。
       LinkEmbedManifest:
         所有输出均为最新。
         SerialDLL.vcxproj -> E:\MATLAB_DataInterface\Code - 2013-12-15\Ch9 - 串口\7.3.2\SerialDLL\Debug\SerialDLL.dll
       FinalizeBuildStatus:
         正在删除文件“Debug\SerialDLL.unsuccessfulbuild”。
         正在对“Debug\SerialDLL.lastbuildstate”执行 Touch 任务。
     1>已完成生成项目“E:\MATLAB_DataInterface\Code - 2013-12-15\Ch9 - 串口\7.3.2\SerialDLL\SerialDLL\SerialDLL.vcxproj”(build 个目标)的操作。

生成成功。

已用时间 00:00:00.47
